<?xml version="1.0" encoding="UTF-8"?>
<testng-results ignored="0" total="3" passed="3" failed="0" skipped="0">
  <reporter-output>
  </reporter-output>
  <suite started-at="2022-09-29T21:39:50 IST" name="Default suite" finished-at="2022-09-29T21:39:51 IST" duration-ms="675">
    <groups>
      <group name="cucumber">
        <method signature="AbstractTestNGCucumberTests.runScenario(io.cucumber.testng.PickleWrapper,io.cucumber.testng.FeatureWrapper)[pri:0, instance:stepdefination.Runner@15c43bd9]" name="runScenario" class="io.cucumber.testng.AbstractTestNGCucumberTests"/>
      </group> <!-- cucumber -->
    </groups>
    <test started-at="2022-09-29T21:39:50 IST" name="Default test" finished-at="2022-09-29T21:39:51 IST" duration-ms="675">
      <class name="stepdefination.Runner">
        <test-method is-config="true" signature="setUpClass(org.testng.ITestContext)[pri:0, instance:stepdefination.Runner@15c43bd9]" started-at="2022-09-29T21:39:50 IST" name="setUpClass" finished-at="2022-09-29T21:39:51 IST" duration-ms="430" status="PASS">
          <params>
            <param index="0">
              <value>
                <![CDATA[org.testng.TestRunner@60fa3495]]>
              </value>
            </param>
          </params>
          <reporter-output>
          </reporter-output>
        </test-method> <!-- setUpClass -->
        <test-method signature="runScenario(io.cucumber.testng.PickleWrapper,io.cucumber.testng.FeatureWrapper)[pri:0, instance:stepdefination.Runner@15c43bd9]" started-at="2022-09-29T21:39:51 IST" name="runScenario" description="Runs Cucumber Scenarios" data-provider="scenarios" finished-at="2022-09-29T21:39:51 IST" duration-ms="83" status="PASS">
          <params>
            <param index="0">
              <value>
                <![CDATA["Check if user is abe to login with correct id and password"]]>
              </value>
            </param>
            <param index="1">
              <value>
                <![CDATA["Optional[Verify user is able to login]"]]>
              </value>
            </param>
          </params>
          <reporter-output>
          </reporter-output>
        </test-method> <!-- runScenario -->
        <test-method signature="runScenario(io.cucumber.testng.PickleWrapper,io.cucumber.testng.FeatureWrapper)[pri:0, instance:stepdefination.Runner@15c43bd9]" started-at="2022-09-29T21:39:51 IST" name="runScenario" description="Runs Cucumber Scenarios" data-provider="scenarios" finished-at="2022-09-29T21:39:51 IST" duration-ms="8" status="PASS">
          <params>
            <param index="0">
              <value>
                <![CDATA["Check if user is abe to login with correct id and password"]]>
              </value>
            </param>
            <param index="1">
              <value>
                <![CDATA["Optional[Verify user is able to login]"]]>
              </value>
            </param>
          </params>
          <reporter-output>
          </reporter-output>
        </test-method> <!-- runScenario -->
        <test-method signature="runScenario(io.cucumber.testng.PickleWrapper,io.cucumber.testng.FeatureWrapper)[pri:0, instance:stepdefination.Runner@15c43bd9]" started-at="2022-09-29T21:39:51 IST" name="runScenario" description="Runs Cucumber Scenarios" data-provider="scenarios" finished-at="2022-09-29T21:39:51 IST" duration-ms="6" status="PASS">
          <params>
            <param index="0">
              <value>
                <![CDATA["Check if user is able to search "Samsung s22""]]>
              </value>
            </param>
            <param index="1">
              <value>
                <![CDATA["Optional[Verify user is able to search mobile]"]]>
              </value>
            </param>
          </params>
          <reporter-output>
          </reporter-output>
        </test-method> <!-- runScenario -->
        <test-method is-config="true" signature="tearDownClass()[pri:0, instance:stepdefination.Runner@15c43bd9]" started-at="2022-09-29T21:39:51 IST" name="tearDownClass" finished-at="2022-09-29T21:39:51 IST" duration-ms="111" status="PASS">
          <reporter-output>
          </reporter-output>
        </test-method> <!-- tearDownClass -->
      </class> <!-- stepdefination.Runner -->
    </test> <!-- Default test -->
  </suite> <!-- Default suite -->
</testng-results>
